android/app/build/intermediates/manifest_merge_blame_file/release/manifest-merger-blame-release-report.txt
1<?xml version="1.0" encoding="utf-8"?>
2<manifest xmlns:android="http://schemas.android.com/apk/res/android"
3    package="com.reactnative_googlelogin_firebase_kh"
4    android:versionCode="1"
5    android:versionName="1.0" >
6
7    <uses-sdk
8        android:minSdkVersion="21"
8-->src\main\AndroidManifest.xml
9        android:targetSdkVersion="29" />
9-->src\main\AndroidManifest.xml
10
11    <uses-permission android:name="android.permission.INTERNET" />
11-->src\main\AndroidManifest.xml:4:5-67
11-->src\main\AndroidManifest.xml:4:22-64
12    <uses-permission android:name="android.permission.WAKE_LOCK" />
12-->[:react-native-firebase_auth] AndroidManifest.xml:12:5-68
12-->[:react-native-firebase_auth] AndroidManifest.xml:12:22-65
13    <uses-permission android:name="android.permission.ACCESS_NETWORK_STATE" />
13-->[:react-native-firebase_auth] AndroidManifest.xml:13:5-79
13-->[:react-native-firebase_auth] AndroidManifest.xml:13:22-76
14    <uses-permission android:name="com.google.android.finsky.permission.BIND_GET_INSTALL_REFERRER_SERVICE" />
14-->[com.google.android.gms:play-services-measurement:18.0.3] AndroidManifest.xml:26:5-110
14-->[com.google.android.gms:play-services-measurement:18.0.3] AndroidManifest.xml:26:22-107
15
16    <application
16-->src\main\AndroidManifest.xml:6:5-26:19
17        android:name="com.reactnative_googlelogin_firebase_kh.MainApplication"
17-->src\main\AndroidManifest.xml:7:7-38
18        android:allowBackup="false"
18-->src\main\AndroidManifest.xml:11:7-34
19        android:appComponentFactory="androidx.core.app.CoreComponentFactory"
19-->[androidx.core:core:1.1.0] AndroidManifest.xml:24:18-86
20        android:icon="@mipmap/ic_launcher"
20-->src\main\AndroidManifest.xml:9:7-41
21        android:label="@string/app_name"
21-->src\main\AndroidManifest.xml:8:7-39
22        android:roundIcon="@mipmap/ic_launcher_round"
22-->src\main\AndroidManifest.xml:10:7-52
23        android:supportsRtl="true"
23-->[com.facebook.android:facebook-android-sdk:8.2.0] AndroidManifest.xml:28:18-44
24        android:theme="@style/AppTheme" >
24-->src\main\AndroidManifest.xml:12:7-38
25        <activity
25-->src\main\AndroidManifest.xml:13:7-23:18
26            android:name="com.reactnative_googlelogin_firebase_kh.MainActivity"
26-->src\main\AndroidManifest.xml:14:9-37
27            android:configChanges="keyboard|keyboardHidden|orientation|screenSize|uiMode"
27-->src\main\AndroidManifest.xml:16:9-86
28            android:label="@string/app_name"
28-->src\main\AndroidManifest.xml:15:9-41
29            android:launchMode="singleTask"
29-->src\main\AndroidManifest.xml:17:9-40
30            android:windowSoftInputMode="adjustResize" >
30-->src\main\AndroidManifest.xml:18:9-51
31            <intent-filter>
31-->src\main\AndroidManifest.xml:19:9-22:25
32                <action android:name="android.intent.action.MAIN" />
32-->src\main\AndroidManifest.xml:20:13-65
32-->src\main\AndroidManifest.xml:20:21-62
33
34                <category android:name="android.intent.category.LAUNCHER" />
34-->src\main\AndroidManifest.xml:21:13-73
34-->src\main\AndroidManifest.xml:21:23-70
35            </intent-filter>
36        </activity>
37
38        <meta-data
38-->src\main\AndroidManifest.xml:24:7-25:52
39            android:name="com.facebook.sdk.ApplicationId"
39-->src\main\AndroidManifest.xml:24:18-63
40            android:value="@string/facebook_app_id" /> <!-- facebook kh -->
40-->src\main\AndroidManifest.xml:25:11-50
41        <provider
41-->[:react-native-webview] AndroidManifest.xml:12:9-20:20
42            android:name="com.reactnativecommunity.webview.RNCWebViewFileProvider"
42-->[:react-native-webview] AndroidManifest.xml:13:13-83
43            android:authorities="com.reactnative_googlelogin_firebase_kh.fileprovider"
43-->[:react-native-webview] AndroidManifest.xml:14:13-64
44            android:exported="false"
44-->[:react-native-webview] AndroidManifest.xml:15:13-37
45            android:grantUriPermissions="true" >
45-->[:react-native-webview] AndroidManifest.xml:16:13-47
46            <meta-data
46-->[:react-native-webview] AndroidManifest.xml:17:13-19:63
47                android:name="android.support.FILE_PROVIDER_PATHS"
47-->[:react-native-webview] AndroidManifest.xml:18:17-67
48                android:resource="@xml/file_provider_paths" />
48-->[:react-native-webview] AndroidManifest.xml:19:17-60
49        </provider>
50
51        <activity
51-->[com.google.firebase:firebase-auth:20.0.4] AndroidManifest.xml:27:9-44:20
52            android:name="com.google.firebase.auth.internal.GenericIdpActivity"
52-->[com.google.firebase:firebase-auth:20.0.4] AndroidManifest.xml:28:13-80
53            android:excludeFromRecents="true"
53-->[com.google.firebase:firebase-auth:20.0.4] AndroidManifest.xml:29:13-46
54            android:exported="true"
54-->[com.google.firebase:firebase-auth:20.0.4] AndroidManifest.xml:30:13-36
55            android:launchMode="singleTask"
55-->[com.google.firebase:firebase-auth:20.0.4] AndroidManifest.xml:31:13-44
56            android:theme="@android:style/Theme.Translucent.NoTitleBar" >
56-->[com.google.firebase:firebase-auth:20.0.4] AndroidManifest.xml:32:13-72
57            <intent-filter>
57-->[com.google.firebase:firebase-auth:20.0.4] AndroidManifest.xml:33:13-43:29
58                <action android:name="android.intent.action.VIEW" />
58-->[com.google.firebase:firebase-auth:20.0.4] AndroidManifest.xml:34:17-69
58-->[com.google.firebase:firebase-auth:20.0.4] AndroidManifest.xml:34:25-66
59
60                <category android:name="android.intent.category.DEFAULT" />
60-->[com.google.firebase:firebase-auth:20.0.4] AndroidManifest.xml:36:17-76
60-->[com.google.firebase:firebase-auth:20.0.4] AndroidManifest.xml:36:27-73
61                <category android:name="android.intent.category.BROWSABLE" />
61-->[com.google.firebase:firebase-auth:20.0.4] AndroidManifest.xml:37:17-78
61-->[com.google.firebase:firebase-auth:20.0.4] AndroidManifest.xml:37:27-75
62
63                <data
63-->[com.google.firebase:firebase-auth:20.0.4] AndroidManifest.xml:39:17-42:51
64                    android:host="firebase.auth"
64-->[com.google.firebase:firebase-auth:20.0.4] AndroidManifest.xml:40:21-49
65                    android:path="/"
65-->[com.google.firebase:firebase-auth:20.0.4] AndroidManifest.xml:41:21-37
66                    android:scheme="genericidp" />
66-->[com.google.firebase:firebase-auth:20.0.4] AndroidManifest.xml:42:21-48
67            </intent-filter>
68        </activity>
69        <activity
69-->[com.google.firebase:firebase-auth:20.0.4] AndroidManifest.xml:45:9-62:20
70            android:name="com.google.firebase.auth.internal.RecaptchaActivity"
70-->[com.google.firebase:firebase-auth:20.0.4] AndroidManifest.xml:46:13-79
71            android:excludeFromRecents="true"
71-->[com.google.firebase:firebase-auth:20.0.4] AndroidManifest.xml:47:13-46
72            android:exported="true"
72-->[com.google.firebase:firebase-auth:20.0.4] AndroidManifest.xml:48:13-36
73            android:launchMode="singleTask"
73-->[com.google.firebase:firebase-auth:20.0.4] AndroidManifest.xml:49:13-44
74            android:theme="@android:style/Theme.Translucent.NoTitleBar" >
74-->[com.google.firebase:firebase-auth:20.0.4] AndroidManifest.xml:50:13-72
75            <intent-filter>
75-->[com.google.firebase:firebase-auth:20.0.4] AndroidManifest.xml:51:13-61:29
76                <action android:name="android.intent.action.VIEW" />
76-->[com.google.firebase:firebase-auth:20.0.4] AndroidManifest.xml:34:17-69
76-->[com.google.firebase:firebase-auth:20.0.4] AndroidManifest.xml:34:25-66
77
78                <category android:name="android.intent.category.DEFAULT" />
78-->[com.google.firebase:firebase-auth:20.0.4] AndroidManifest.xml:36:17-76
78-->[com.google.firebase:firebase-auth:20.0.4] AndroidManifest.xml:36:27-73
79                <category android:name="android.intent.category.BROWSABLE" />
79-->[com.google.firebase:firebase-auth:20.0.4] AndroidManifest.xml:37:17-78
79-->[com.google.firebase:firebase-auth:20.0.4] AndroidManifest.xml:37:27-75
80
81                <data
81-->[com.google.firebase:firebase-auth:20.0.4] AndroidManifest.xml:39:17-42:51
82                    android:host="firebase.auth"
82-->[com.google.firebase:firebase-auth:20.0.4] AndroidManifest.xml:40:21-49
83                    android:path="/"
83-->[com.google.firebase:firebase-auth:20.0.4] AndroidManifest.xml:41:21-37
84                    android:scheme="recaptcha" />
84-->[com.google.firebase:firebase-auth:20.0.4] AndroidManifest.xml:42:21-48
85            </intent-filter>
86        </activity>
87
88        <service
88-->[com.google.firebase:firebase-auth:20.0.4] AndroidManifest.xml:64:9-73:19
89            android:name="com.google.firebase.auth.api.fallback.service.FirebaseAuthFallbackService"
89-->[com.google.firebase:firebase-auth:20.0.4] AndroidManifest.xml:65:13-101
90            android:enabled="true"
90-->[com.google.firebase:firebase-auth:20.0.4] AndroidManifest.xml:66:13-35
91            android:exported="false" >
91-->[com.google.firebase:firebase-auth:20.0.4] AndroidManifest.xml:67:13-37
92            <intent-filter>
92-->[com.google.firebase:firebase-auth:20.0.4] AndroidManifest.xml:68:13-72:29
93                <action android:name="com.google.firebase.auth.api.gms.service.START" />
93-->[com.google.firebase:firebase-auth:20.0.4] AndroidManifest.xml:69:17-89
93-->[com.google.firebase:firebase-auth:20.0.4] AndroidManifest.xml:69:25-86
94
95                <category android:name="android.intent.category.DEFAULT" />
95-->[com.google.firebase:firebase-auth:20.0.4] AndroidManifest.xml:36:17-76
95-->[com.google.firebase:firebase-auth:20.0.4] AndroidManifest.xml:36:27-73
96            </intent-filter>
97        </service>
98        <service
98-->[com.google.firebase:firebase-auth:20.0.4] AndroidManifest.xml:74:9-80:19
99            android:name="com.google.firebase.components.ComponentDiscoveryService"
99-->[com.google.firebase:firebase-auth:20.0.4] AndroidManifest.xml:75:13-84
100            android:directBootAware="true"
100-->[com.google.firebase:firebase-common:19.5.0] AndroidManifest.xml:35:13-43
101            android:exported="false" >
101-->[com.google.firebase:firebase-auth:20.0.4] AndroidManifest.xml:76:13-37
102            <meta-data
102-->[com.google.firebase:firebase-auth:20.0.4] AndroidManifest.xml:77:13-79:85
103                android:name="com.google.firebase.components:com.google.firebase.auth.FirebaseAuthRegistrar"
103-->[com.google.firebase:firebase-auth:20.0.4] AndroidManifest.xml:78:17-109
104                android:value="com.google.firebase.components.ComponentRegistrar" />
104-->[com.google.firebase:firebase-auth:20.0.4] AndroidManifest.xml:79:17-82
105            <meta-data
105-->[com.google.android.gms:play-services-measurement-api:18.0.3] AndroidManifest.xml:30:13-32:85
106                android:name="com.google.firebase.components:com.google.firebase.analytics.connector.internal.AnalyticsConnectorRegistrar"
106-->[com.google.android.gms:play-services-measurement-api:18.0.3] AndroidManifest.xml:31:17-139
107                android:value="com.google.firebase.components.ComponentRegistrar" />
107-->[com.google.android.gms:play-services-measurement-api:18.0.3] AndroidManifest.xml:32:17-82
108            <meta-data
108-->[com.google.firebase:firebase-installations:16.3.5] AndroidManifest.xml:18:13-20:85
109                android:name="com.google.firebase.components:com.google.firebase.installations.FirebaseInstallationsRegistrar"
109-->[com.google.firebase:firebase-installations:16.3.5] AndroidManifest.xml:19:17-127
110                android:value="com.google.firebase.components.ComponentRegistrar" />
110-->[com.google.firebase:firebase-installations:16.3.5] AndroidManifest.xml:20:17-82
111            <!--
112                This registrar is not defined in the dynamic-module-support sdk itself to allow non-firebase
113                clients to use it as well, by defining this registrar in their own core/common library.
114            -->
115            <meta-data
115-->[com.google.firebase:firebase-common:19.5.0] AndroidManifest.xml:43:13-45:85
116                android:name="com.google.firebase.components:com.google.firebase.dynamicloading.DynamicLoadingRegistrar"
116-->[com.google.firebase:firebase-common:19.5.0] AndroidManifest.xml:44:17-121
117                android:value="com.google.firebase.components.ComponentRegistrar" />
117-->[com.google.firebase:firebase-common:19.5.0] AndroidManifest.xml:45:17-82
118        </service>
119
120        <activity
120-->[com.facebook.android:facebook-common:8.2.0] AndroidManifest.xml:30:9-33:66
121            android:name="com.facebook.FacebookActivity"
121-->[com.facebook.android:facebook-common:8.2.0] AndroidManifest.xml:31:13-57
122            android:configChanges="keyboard|keyboardHidden|screenLayout|screenSize|orientation"
122-->[com.facebook.android:facebook-common:8.2.0] AndroidManifest.xml:32:13-96
123            android:theme="@style/com_facebook_activity_theme" />
123-->[com.facebook.android:facebook-common:8.2.0] AndroidManifest.xml:33:13-63
124        <activity android:name="com.facebook.CustomTabMainActivity" />
124-->[com.facebook.android:facebook-common:8.2.0] AndroidManifest.xml:34:9-71
124-->[com.facebook.android:facebook-common:8.2.0] AndroidManifest.xml:34:19-68
125        <activity
125-->[com.facebook.android:facebook-common:8.2.0] AndroidManifest.xml:35:9-49:20
126            android:name="com.facebook.CustomTabActivity"
126-->[com.facebook.android:facebook-common:8.2.0] AndroidManifest.xml:36:13-58
127            android:exported="true" >
127-->[com.facebook.android:facebook-common:8.2.0] AndroidManifest.xml:37:13-36
128            <intent-filter>
128-->[com.facebook.android:facebook-common:8.2.0] AndroidManifest.xml:39:13-48:29
129                <action android:name="android.intent.action.VIEW" />
129-->[com.google.firebase:firebase-auth:20.0.4] AndroidManifest.xml:34:17-69
129-->[com.google.firebase:firebase-auth:20.0.4] AndroidManifest.xml:34:25-66
130
131                <category android:name="android.intent.category.DEFAULT" />
131-->[com.google.firebase:firebase-auth:20.0.4] AndroidManifest.xml:36:17-76
131-->[com.google.firebase:firebase-auth:20.0.4] AndroidManifest.xml:36:27-73
132                <category android:name="android.intent.category.BROWSABLE" />
132-->[com.google.firebase:firebase-auth:20.0.4] AndroidManifest.xml:37:17-78
132-->[com.google.firebase:firebase-auth:20.0.4] AndroidManifest.xml:37:27-75
133
134                <data
134-->[com.google.firebase:firebase-auth:20.0.4] AndroidManifest.xml:39:17-42:51
135                    android:host="cct.com.reactnative_googlelogin_firebase_kh"
135-->[com.google.firebase:firebase-auth:20.0.4] AndroidManifest.xml:40:21-49
136                    android:scheme="fbconnect" />
136-->[com.google.firebase:firebase-auth:20.0.4] AndroidManifest.xml:42:21-48
137            </intent-filter>
138        </activity>
139
140        <provider
140-->[com.google.firebase:firebase-common:19.5.0] AndroidManifest.xml:26:9-31:39
141            android:name="com.google.firebase.provider.FirebaseInitProvider"
141-->[com.google.firebase:firebase-common:19.5.0] AndroidManifest.xml:27:13-77
142            android:authorities="com.reactnative_googlelogin_firebase_kh.firebaseinitprovider"
142-->[com.google.firebase:firebase-common:19.5.0] AndroidManifest.xml:28:13-72
143            android:directBootAware="true"
143-->[com.google.firebase:firebase-common:19.5.0] AndroidManifest.xml:29:13-43
144            android:exported="false"
144-->[com.google.firebase:firebase-common:19.5.0] AndroidManifest.xml:30:13-37
145            android:initOrder="100" />
145-->[com.google.firebase:firebase-common:19.5.0] AndroidManifest.xml:31:13-36
146
147        <activity
147-->[com.google.android.gms:play-services-auth:19.0.0] AndroidManifest.xml:23:9-27:75
148            android:name="com.google.android.gms.auth.api.signin.internal.SignInHubActivity"
148-->[com.google.android.gms:play-services-auth:19.0.0] AndroidManifest.xml:24:13-93
149            android:excludeFromRecents="true"
149-->[com.google.android.gms:play-services-auth:19.0.0] AndroidManifest.xml:25:13-46
150            android:exported="false"
150-->[com.google.android.gms:play-services-auth:19.0.0] AndroidManifest.xml:26:13-37
151            android:theme="@android:style/Theme.Translucent.NoTitleBar" />
151-->[com.google.android.gms:play-services-auth:19.0.0] AndroidManifest.xml:27:13-72
152        <!--
153            Service handling Google Sign-In user revocation. For apps that do not integrate with
154            Google Sign-In, this service will never be started.
155        -->
156        <service
156-->[com.google.android.gms:play-services-auth:19.0.0] AndroidManifest.xml:33:9-37:51
157            android:name="com.google.android.gms.auth.api.signin.RevocationBoundService"
157-->[com.google.android.gms:play-services-auth:19.0.0] AndroidManifest.xml:34:13-89
158            android:exported="true"
158-->[com.google.android.gms:play-services-auth:19.0.0] AndroidManifest.xml:35:13-36
159            android:permission="com.google.android.gms.auth.api.signin.permission.REVOCATION_NOTIFICATION"
159-->[com.google.android.gms:play-services-auth:19.0.0] AndroidManifest.xml:36:13-107
160            android:visibleToInstantApps="true" />
160-->[com.google.android.gms:play-services-auth:19.0.0] AndroidManifest.xml:37:13-48
161
162        <activity
162-->[com.google.android.gms:play-services-base:17.1.0] AndroidManifest.xml:23:9-26:75
163            android:name="com.google.android.gms.common.api.GoogleApiActivity"
163-->[com.google.android.gms:play-services-base:17.1.0] AndroidManifest.xml:24:13-79
164            android:exported="false"
164-->[com.google.android.gms:play-services-base:17.1.0] AndroidManifest.xml:25:13-37
165            android:theme="@android:style/Theme.Translucent.NoTitleBar" />
165-->[com.google.android.gms:play-services-base:17.1.0] AndroidManifest.xml:26:13-72
166
167        <receiver
167-->[com.google.android.gms:play-services-measurement:18.0.3] AndroidManifest.xml:29:9-33:20
168            android:name="com.google.android.gms.measurement.AppMeasurementReceiver"
168-->[com.google.android.gms:play-services-measurement:18.0.3] AndroidManifest.xml:30:13-85
169            android:enabled="true"
169-->[com.google.android.gms:play-services-measurement:18.0.3] AndroidManifest.xml:31:13-35
170            android:exported="false" >
170-->[com.google.android.gms:play-services-measurement:18.0.3] AndroidManifest.xml:32:13-37
171        </receiver>
172
173        <service
173-->[com.google.android.gms:play-services-measurement:18.0.3] AndroidManifest.xml:35:9-38:40
174            android:name="com.google.android.gms.measurement.AppMeasurementService"
174-->[com.google.android.gms:play-services-measurement:18.0.3] AndroidManifest.xml:36:13-84
175            android:enabled="true"
175-->[com.google.android.gms:play-services-measurement:18.0.3] AndroidManifest.xml:37:13-35
176            android:exported="false" />
176-->[com.google.android.gms:play-services-measurement:18.0.3] AndroidManifest.xml:38:13-37
177        <service
177-->[com.google.android.gms:play-services-measurement:18.0.3] AndroidManifest.xml:39:9-43:72
178            android:name="com.google.android.gms.measurement.AppMeasurementJobService"
178-->[com.google.android.gms:play-services-measurement:18.0.3] AndroidManifest.xml:40:13-87
179            android:enabled="true"
179-->[com.google.android.gms:play-services-measurement:18.0.3] AndroidManifest.xml:41:13-35
180            android:exported="false"
180-->[com.google.android.gms:play-services-measurement:18.0.3] AndroidManifest.xml:42:13-37
181            android:permission="android.permission.BIND_JOB_SERVICE" />
181-->[com.google.android.gms:play-services-measurement:18.0.3] AndroidManifest.xml:43:13-69
182
183        <meta-data
183-->[com.google.android.gms:play-services-basement:17.1.1] AndroidManifest.xml:23:9-25:69
184            android:name="com.google.android.gms.version"
184-->[com.google.android.gms:play-services-basement:17.1.1] AndroidManifest.xml:24:13-58
185            android:value="@integer/google_play_services_version" />
185-->[com.google.android.gms:play-services-basement:17.1.1] AndroidManifest.xml:25:13-66
186        <!--
187         The initialization ContentProvider will call FacebookSdk.sdkInitialize automatically
188         with the application context. This config is merged in with the host app's manifest,
189         but there can only be one provider with the same authority activated at any given
190         point; so if the end user has two or more different apps that use Facebook SDK, only the
191         first one will be able to use the provider. To work around this problem, we use the
192         following placeholder in the authority to identify each host application as if it was
193         a completely different provider.
194        -->
195        <provider
195-->[com.facebook.android:facebook-core:8.2.0] AndroidManifest.xml:39:9-42:40
196            android:name="com.facebook.internal.FacebookInitProvider"
196-->[com.facebook.android:facebook-core:8.2.0] AndroidManifest.xml:40:13-70
197            android:authorities="com.reactnative_googlelogin_firebase_kh.FacebookInitProvider"
197-->[com.facebook.android:facebook-core:8.2.0] AndroidManifest.xml:41:13-72
198            android:exported="false" />
198-->[com.facebook.android:facebook-core:8.2.0] AndroidManifest.xml:42:13-37
199
200        <receiver
200-->[com.facebook.android:facebook-core:8.2.0] AndroidManifest.xml:44:9-50:20
201            android:name="com.facebook.CurrentAccessTokenExpirationBroadcastReceiver"
201-->[com.facebook.android:facebook-core:8.2.0] AndroidManifest.xml:45:13-86
202            android:exported="false" >
202-->[com.facebook.android:facebook-core:8.2.0] AndroidManifest.xml:46:13-37
203            <intent-filter>
203-->[com.facebook.android:facebook-core:8.2.0] AndroidManifest.xml:47:13-49:29
204                <action android:name="com.facebook.sdk.ACTION_CURRENT_ACCESS_TOKEN_CHANGED" />
204-->[com.facebook.android:facebook-core:8.2.0] AndroidManifest.xml:48:17-95
204-->[com.facebook.android:facebook-core:8.2.0] AndroidManifest.xml:48:25-92
205            </intent-filter>
206        </receiver>
207    </application>
208
209</manifest>